2018-02-02 00:02:56.951  INFO 83054 --- [restartedMain] com.spring.boot.CoffeineApplication      : Starting CoffeineApplication on Macintosh-5.local with PID 83054 (/Users/jinz/Desktop/workspace/momo/spring-boot-template/target/classes started by jinz in /Users/jinz/Desktop/workspace/momo/spring-boot-template)
2018-02-02 00:02:56.952  INFO 83054 --- [restartedMain] com.spring.boot.CoffeineApplication      : No active profile set, falling back to default profiles: default
2018-02-02 00:02:57.227  INFO 83054 --- [restartedMain] ationConfigEmbeddedWebApplicationContext : Refreshing org.springframework.boot.context.embedded.AnnotationConfigEmbeddedWebApplicationContext@3c8f75fb: startup date [Fri Feb 02 00:02:57 ICT 2018]; root of context hierarchy
2018-02-02 00:02:58.642  INFO 83054 --- [restartedMain] org.eclipse.jetty.util.log               : Logging initialized @2649ms to org.eclipse.jetty.util.log.Slf4jLog
2018-02-02 00:02:58.759  INFO 83054 --- [restartedMain] e.j.JettyEmbeddedServletContainerFactory : Server initialized with port: 9002
2018-02-02 00:02:58.760  INFO 83054 --- [restartedMain] org.eclipse.jetty.server.Server          : jetty-9.4.7.v20170914
2018-02-02 00:02:58.834  INFO 83054 --- [restartedMain] org.eclipse.jetty.server.session         : DefaultSessionIdManager workerName=node0
2018-02-02 00:02:58.834  INFO 83054 --- [restartedMain] org.eclipse.jetty.server.session         : No SessionScavenger set, using defaults
2018-02-02 00:02:58.835  INFO 83054 --- [restartedMain] org.eclipse.jetty.server.session         : Scavenging every 600000ms
2018-02-02 00:02:58.841  INFO 83054 --- [restartedMain] o.e.j.s.h.ContextHandler.application     : Initializing Spring embedded WebApplicationContext
2018-02-02 00:02:58.841  INFO 83054 --- [restartedMain] o.s.web.context.ContextLoader            : Root WebApplicationContext: initialization completed in 1617 ms
2018-02-02 00:02:59.053  INFO 83054 --- [restartedMain] o.s.b.w.servlet.FilterRegistrationBean   : Mapping filter: 'characterEncodingFilter' to: [/*]
2018-02-02 00:02:59.053  INFO 83054 --- [restartedMain] o.s.b.w.servlet.FilterRegistrationBean   : Mapping filter: 'hiddenHttpMethodFilter' to: [/*]
2018-02-02 00:02:59.054  INFO 83054 --- [restartedMain] o.s.b.w.servlet.FilterRegistrationBean   : Mapping filter: 'httpPutFormContentFilter' to: [/*]
2018-02-02 00:02:59.054  INFO 83054 --- [restartedMain] o.s.b.w.servlet.FilterRegistrationBean   : Mapping filter: 'requestContextFilter' to: [/*]
2018-02-02 00:02:59.056  INFO 83054 --- [restartedMain] .s.DelegatingFilterProxyRegistrationBean : Mapping filter: 'springSecurityFilterChain' to: [/*]
2018-02-02 00:02:59.056  INFO 83054 --- [restartedMain] o.s.b.w.servlet.ServletRegistrationBean  : Mapping servlet: 'dispatcherServlet' to [/]
2018-02-02 00:02:59.066  INFO 83054 --- [restartedMain] o.e.jetty.server.handler.ContextHandler  : Started o.s.b.c.e.j.JettyEmbeddedWebAppContext@6298593c{/,[file:///private/var/folders/mv/cvlncrj97950gms0tlgjhc980000gn/T/jetty-docbase.8651431960027658013.9002/],AVAILABLE}
2018-02-02 00:02:59.067  INFO 83054 --- [restartedMain] org.eclipse.jetty.server.Server          : Started @3075ms
2018-02-02 00:02:59.192  INFO 83054 --- [restartedMain] j.LocalContainerEntityManagerFactoryBean : Building JPA container EntityManagerFactory for persistence unit 'default'
2018-02-02 00:02:59.202  INFO 83054 --- [restartedMain] o.hibernate.jpa.internal.util.LogHelper  : HHH000204: Processing PersistenceUnitInfo [
	name: default
	...]
2018-02-02 00:02:59.256  INFO 83054 --- [restartedMain] org.hibernate.Version                    : HHH000412: Hibernate Core {5.0.12.Final}
2018-02-02 00:02:59.257  INFO 83054 --- [restartedMain] org.hibernate.cfg.Environment            : HHH000206: hibernate.properties not found
2018-02-02 00:02:59.258  INFO 83054 --- [restartedMain] org.hibernate.cfg.Environment            : HHH000021: Bytecode provider name : javassist
2018-02-02 00:02:59.297  INFO 83054 --- [restartedMain] o.hibernate.annotations.common.Version   : HCANN000001: Hibernate Commons Annotations {5.0.1.Final}
2018-02-02 00:02:59.403  INFO 83054 --- [restartedMain] com.zaxxer.hikari.HikariDataSource       : HikariPool-1 - Starting...
2018-02-02 00:03:00.638 ERROR 83054 --- [restartedMain] com.zaxxer.hikari.pool.HikariPool        : HikariPool-1 - Exception during pool initialization.

java.sql.SQLException: Access denied for user 'root'@'localhost' (using password: YES)
	at com.mysql.jdbc.SQLError.createSQLException(SQLError.java:963) ~[mysql-connector-java-5.1.39.jar:5.1.39]
	at com.mysql.jdbc.MysqlIO.checkErrorPacket(MysqlIO.java:3966) ~[mysql-connector-java-5.1.39.jar:5.1.39]
	at com.mysql.jdbc.MysqlIO.checkErrorPacket(MysqlIO.java:3902) ~[mysql-connector-java-5.1.39.jar:5.1.39]
	at com.mysql.jdbc.MysqlIO.checkErrorPacket(MysqlIO.java:875) ~[mysql-connector-java-5.1.39.jar:5.1.39]
	at com.mysql.jdbc.MysqlIO.proceedHandshakeWithPluggableAuthentication(MysqlIO.java:1712) ~[mysql-connector-java-5.1.39.jar:5.1.39]
	at com.mysql.jdbc.MysqlIO.doHandshake(MysqlIO.java:1228) ~[mysql-connector-java-5.1.39.jar:5.1.39]
	at com.mysql.jdbc.ConnectionImpl.coreConnect(ConnectionImpl.java:2253) ~[mysql-connector-java-5.1.39.jar:5.1.39]
	at com.mysql.jdbc.ConnectionImpl.connectOneTryOnly(ConnectionImpl.java:2284) ~[mysql-connector-java-5.1.39.jar:5.1.39]
	at com.mysql.jdbc.ConnectionImpl.createNewIO(ConnectionImpl.java:2083) ~[mysql-connector-java-5.1.39.jar:5.1.39]
	at com.mysql.jdbc.ConnectionImpl.<init>(ConnectionImpl.java:806) ~[mysql-connector-java-5.1.39.jar:5.1.39]
	at com.mysql.jdbc.JDBC4Connection.<init>(JDBC4Connection.java:47) ~[mysql-connector-java-5.1.39.jar:5.1.39]
	at sun.reflect.NativeConstructorAccessorImpl.newInstance0(Native Method) ~[na:1.8.0_144]
	at sun.reflect.NativeConstructorAccessorImpl.newInstance(NativeConstructorAccessorImpl.java:62) ~[na:1.8.0_144]
	at sun.reflect.DelegatingConstructorAccessorImpl.newInstance(DelegatingConstructorAccessorImpl.java:45) ~[na:1.8.0_144]
	at java.lang.reflect.Constructor.newInstance(Constructor.java:423) ~[na:1.8.0_144]
	at com.mysql.jdbc.Util.handleNewInstance(Util.java:404) ~[mysql-connector-java-5.1.39.jar:5.1.39]
	at com.mysql.jdbc.ConnectionImpl.getInstance(ConnectionImpl.java:410) ~[mysql-connector-java-5.1.39.jar:5.1.39]
	at com.mysql.jdbc.NonRegisteringDriver.connect(NonRegisteringDriver.java:328) ~[mysql-connector-java-5.1.39.jar:5.1.39]
	at com.zaxxer.hikari.util.DriverDataSource.getConnection(DriverDataSource.java:95) ~[HikariCP-2.6.1.jar:na]
	at com.zaxxer.hikari.util.DriverDataSource.getConnection(DriverDataSource.java:101) ~[HikariCP-2.6.1.jar:na]
	at com.zaxxer.hikari.pool.PoolBase.newConnection(PoolBase.java:356) ~[HikariCP-2.6.1.jar:na]
	at com.zaxxer.hikari.pool.PoolBase.newPoolEntry(PoolBase.java:199) ~[HikariCP-2.6.1.jar:na]
	at com.zaxxer.hikari.pool.HikariPool.createPoolEntry(HikariPool.java:444) [HikariCP-2.6.1.jar:na]
	at com.zaxxer.hikari.pool.HikariPool.checkFailFast(HikariPool.java:515) [HikariCP-2.6.1.jar:na]
	at com.zaxxer.hikari.pool.HikariPool.<init>(HikariPool.java:112) [HikariCP-2.6.1.jar:na]
	at com.zaxxer.hikari.HikariDataSource.getConnection(HikariDataSource.java:97) [HikariCP-2.6.1.jar:na]
	at org.hibernate.engine.jdbc.connections.internal.DatasourceConnectionProviderImpl.getConnection(DatasourceConnectionProviderImpl.java:122) [hibernate-core-5.0.12.Final.jar:5.0.12.Final]
	at org.hibernate.engine.jdbc.env.internal.JdbcEnvironmentInitiator$ConnectionProviderJdbcConnectionAccess.obtainConnection(JdbcEnvironmentInitiator.java:180) [hibernate-core-5.0.12.Final.jar:5.0.12.Final]
	at org.hibernate.engine.jdbc.env.internal.JdbcEnvironmentInitiator.initiateService(JdbcEnvironmentInitiator.java:68) [hibernate-core-5.0.12.Final.jar:5.0.12.Final]
	at org.hibernate.engine.jdbc.env.internal.JdbcEnvironmentInitiator.initiateService(JdbcEnvironmentInitiator.java:35) [hibernate-core-5.0.12.Final.jar:5.0.12.Final]
	at org.hibernate.boot.registry.internal.StandardServiceRegistryImpl.initiateService(StandardServiceRegistryImpl.java:88) [hibernate-core-5.0.12.Final.jar:5.0.12.Final]
	at org.hibernate.service.internal.AbstractServiceRegistryImpl.createService(AbstractServiceRegistryImpl.java:254) [hibernate-core-5.0.12.Final.jar:5.0.12.Final]
	at org.hibernate.service.internal.AbstractServiceRegistryImpl.initializeService(AbstractServiceRegistryImpl.java:228) [hibernate-core-5.0.12.Final.jar:5.0.12.Final]
	at org.hibernate.service.internal.AbstractServiceRegistryImpl.getService(AbstractServiceRegistryImpl.java:207) [hibernate-core-5.0.12.Final.jar:5.0.12.Final]
	at org.hibernate.engine.jdbc.internal.JdbcServicesImpl.configure(JdbcServicesImpl.java:51) [hibernate-core-5.0.12.Final.jar:5.0.12.Final]
	at org.hibernate.boot.registry.internal.StandardServiceRegistryImpl.configureService(StandardServiceRegistryImpl.java:94) [hibernate-core-5.0.12.Final.jar:5.0.12.Final]
	at org.hibernate.service.internal.AbstractServiceRegistryImpl.initializeService(AbstractServiceRegistryImpl.java:237) [hibernate-core-5.0.12.Final.jar:5.0.12.Final]
	at org.hibernate.service.internal.AbstractServiceRegistryImpl.getService(AbstractServiceRegistryImpl.java:207) [hibernate-core-5.0.12.Final.jar:5.0.12.Final]
	at org.hibernate.boot.model.process.spi.MetadataBuildingProcess.handleTypes(MetadataBuildingProcess.java:352) [hibernate-core-5.0.12.Final.jar:5.0.12.Final]
	at org.hibernate.boot.model.process.spi.MetadataBuildingProcess.complete(MetadataBuildingProcess.java:111) [hibernate-core-5.0.12.Final.jar:5.0.12.Final]
	at org.hibernate.jpa.boot.internal.EntityManagerFactoryBuilderImpl.metadata(EntityManagerFactoryBuilderImpl.java:847) [hibernate-entitymanager-5.0.12.Final.jar:5.0.12.Final]
	at org.hibernate.jpa.boot.internal.EntityManagerFactoryBuilderImpl.build(EntityManagerFactoryBuilderImpl.java:874) [hibernate-entitymanager-5.0.12.Final.jar:5.0.12.Final]
	at org.springframework.orm.jpa.vendor.SpringHibernateJpaPersistenceProvider.createContainerEntityManagerFactory(SpringHibernateJpaPersistenceProvider.java:60) [spring-orm-4.3.13.RELEASE.jar:4.3.13.RELEASE]
	at org.springframework.orm.jpa.LocalContainerEntityManagerFactoryBean.createNativeEntityManagerFactory(LocalContainerEntityManagerFactoryBean.java:360) [spring-orm-4.3.13.RELEASE.jar:4.3.13.RELEASE]
	at org.springframework.orm.jpa.AbstractEntityManagerFactoryBean.buildNativeEntityManagerFactory(AbstractEntityManagerFactoryBean.java:382) [spring-orm-4.3.13.RELEASE.jar:4.3.13.RELEASE]
	at org.springframework.orm.jpa.AbstractEntityManagerFactoryBean.afterPropertiesSet(AbstractEntityManagerFactoryBean.java:371) [spring-orm-4.3.13.RELEASE.jar:4.3.13.RELEASE]
	at org.springframework.orm.jpa.LocalContainerEntityManagerFactoryBean.afterPropertiesSet(LocalContainerEntityManagerFactoryBean.java:336) [spring-orm-4.3.13.RELEASE.jar:4.3.13.RELEASE]
	at org.springframework.beans.factory.support.AbstractAutowireCapableBeanFactory.invokeInitMethods(AbstractAutowireCapableBeanFactory.java:1687) [spring-beans-4.3.13.RELEASE.jar:4.3.13.RELEASE]
	at org.springframework.beans.factory.support.AbstractAutowireCapableBeanFactory.initializeBean(AbstractAutowireCapableBeanFactory.java:1624) [spring-beans-4.3.13.RELEASE.jar:4.3.13.RELEASE]
	at org.springframework.beans.factory.support.AbstractAutowireCapableBeanFactory.doCreateBean(AbstractAutowireCapableBeanFactory.java:555) [spring-beans-4.3.13.RELEASE.jar:4.3.13.RELEASE]
	at org.springframework.beans.factory.support.AbstractAutowireCapableBeanFactory.createBean(AbstractAutowireCapableBeanFactory.java:483) [spring-beans-4.3.13.RELEASE.jar:4.3.13.RELEASE]
	at org.springframework.beans.factory.support.AbstractBeanFactory$1.getObject(AbstractBeanFactory.java:306) [spring-beans-4.3.13.RELEASE.jar:4.3.13.RELEASE]
	at org.springframework.beans.factory.support.DefaultSingletonBeanRegistry.getSingleton(DefaultSingletonBeanRegistry.java:230) [spring-beans-4.3.13.RELEASE.jar:4.3.13.RELEASE]
	at org.springframework.beans.factory.support.AbstractBeanFactory.doGetBean(AbstractBeanFactory.java:302) [spring-beans-4.3.13.RELEASE.jar:4.3.13.RELEASE]
	at org.springframework.beans.factory.support.AbstractBeanFactory.getBean(AbstractBeanFactory.java:197) [spring-beans-4.3.13.RELEASE.jar:4.3.13.RELEASE]
	at org.springframework.context.support.AbstractApplicationContext.getBean(AbstractApplicationContext.java:1080) [spring-context-4.3.13.RELEASE.jar:4.3.13.RELEASE]
	at org.springframework.context.support.AbstractApplicationContext.finishBeanFactoryInitialization(AbstractApplicationContext.java:857) [spring-context-4.3.13.RELEASE.jar:4.3.13.RELEASE]
	at org.springframework.context.support.AbstractApplicationContext.refresh(AbstractApplicationContext.java:543) [spring-context-4.3.13.RELEASE.jar:4.3.13.RELEASE]
	at org.springframework.boot.context.embedded.EmbeddedWebApplicationContext.refresh(EmbeddedWebApplicationContext.java:122) [spring-boot-1.5.9.RELEASE.jar:1.5.9.RELEASE]
	at org.springframework.boot.SpringApplication.refresh(SpringApplication.java:693) [spring-boot-1.5.9.RELEASE.jar:1.5.9.RELEASE]
	at org.springframework.boot.SpringApplication.refreshContext(SpringApplication.java:360) [spring-boot-1.5.9.RELEASE.jar:1.5.9.RELEASE]
	at org.springframework.boot.SpringApplication.run(SpringApplication.java:303) [spring-boot-1.5.9.RELEASE.jar:1.5.9.RELEASE]
	at org.springframework.boot.SpringApplication.run(SpringApplication.java:1118) [spring-boot-1.5.9.RELEASE.jar:1.5.9.RELEASE]
	at org.springframework.boot.SpringApplication.run(SpringApplication.java:1107) [spring-boot-1.5.9.RELEASE.jar:1.5.9.RELEASE]
	at com.spring.boot.CoffeineApplication.main(CoffeineApplication.java:10) [classes/:na]
	at sun.reflect.NativeMethodAccessorImpl.invoke0(Native Method) ~[na:1.8.0_144]
	at sun.reflect.NativeMethodAccessorImpl.invoke(NativeMethodAccessorImpl.java:62) ~[na:1.8.0_144]
	at sun.reflect.DelegatingMethodAccessorImpl.invoke(DelegatingMethodAccessorImpl.java:43) ~[na:1.8.0_144]
	at java.lang.reflect.Method.invoke(Method.java:498) ~[na:1.8.0_144]
	at org.springframework.boot.devtools.restart.RestartLauncher.run(RestartLauncher.java:49) [spring-boot-devtools-1.5.9.RELEASE.jar:1.5.9.RELEASE]

2018-02-02 00:03:00.640  WARN 83054 --- [restartedMain] o.h.e.j.e.i.JdbcEnvironmentInitiator     : HHH000342: Could not obtain connection to query metadata : Access denied for user 'root'@'localhost' (using password: YES)
2018-02-02 00:03:00.645  INFO 83054 --- [restartedMain] org.hibernate.dialect.Dialect            : HHH000400: Using dialect: org.hibernate.dialect.MySQLDialect
2018-02-02 00:03:00.659  INFO 83054 --- [restartedMain] o.h.e.j.e.i.LobCreatorBuilderImpl        : HHH000422: Disabling contextual LOB creation as connection was null
2018-02-02 00:03:01.095  INFO 83054 --- [restartedMain] j.LocalContainerEntityManagerFactoryBean : Initialized JPA EntityManagerFactory for persistence unit 'default'
2018-02-02 00:03:01.718  INFO 83054 --- [restartedMain] s.w.s.m.m.a.RequestMappingHandlerAdapter : Looking for @ControllerAdvice: org.springframework.boot.context.embedded.AnnotationConfigEmbeddedWebApplicationContext@3c8f75fb: startup date [Fri Feb 02 00:02:57 ICT 2018]; root of context hierarchy
2018-02-02 00:03:01.778  INFO 83054 --- [restartedMain] s.w.s.m.m.a.RequestMappingHandlerMapping : Mapped "{[/404],methods=[GET]}" onto public java.lang.String com.spring.boot.coffeine.controller.ExceptionController.getPageNotFound(org.springframework.ui.Model)
2018-02-02 00:03:01.779  INFO 83054 --- [restartedMain] s.w.s.m.m.a.RequestMappingHandlerMapping : Mapped "{[/403],methods=[GET]}" onto public java.lang.String com.spring.boot.coffeine.controller.ExceptionController.getPageForbidding(org.springframework.ui.Model)
2018-02-02 00:03:01.779  INFO 83054 --- [restartedMain] s.w.s.m.m.a.RequestMappingHandlerMapping : Mapped "{[/500],methods=[GET]}" onto public java.lang.String com.spring.boot.coffeine.controller.ExceptionController.getPageSystemError(org.springframework.ui.Model)
2018-02-02 00:03:01.780  INFO 83054 --- [restartedMain] s.w.s.m.m.a.RequestMappingHandlerMapping : Mapped "{[/detail],methods=[GET]}" onto public java.lang.String com.spring.boot.coffeine.controller.ExceptionController.getPageError(org.springframework.ui.Model)
2018-02-02 00:03:01.780  INFO 83054 --- [restartedMain] s.w.s.m.m.a.RequestMappingHandlerMapping : Mapped "{[/error],methods=[GET]}" onto public java.lang.String com.spring.boot.coffeine.controller.ExceptionController.renderErrorPage(org.springframework.ui.Model,javax.servlet.http.HttpServletRequest)
2018-02-02 00:03:01.781  INFO 83054 --- [restartedMain] s.w.s.m.m.a.RequestMappingHandlerMapping : Mapped "{[],methods=[GET]}" onto public java.lang.String com.spring.boot.coffeine.controller.HomeController.home(org.springframework.ui.Model)
2018-02-02 00:03:01.809  INFO 83054 --- [restartedMain] o.s.w.s.handler.SimpleUrlHandlerMapping  : Mapped URL path [/webjars/**] onto handler of type [class org.springframework.web.servlet.resource.ResourceHttpRequestHandler]
2018-02-02 00:03:01.809  INFO 83054 --- [restartedMain] o.s.w.s.handler.SimpleUrlHandlerMapping  : Mapped URL path [/**] onto handler of type [class org.springframework.web.servlet.resource.ResourceHttpRequestHandler]
2018-02-02 00:03:01.842  INFO 83054 --- [restartedMain] o.s.w.s.handler.SimpleUrlHandlerMapping  : Mapped URL path [/**/favicon.ico] onto handler of type [class org.springframework.web.servlet.resource.ResourceHttpRequestHandler]
2018-02-02 00:03:02.624  INFO 83054 --- [restartedMain] b.a.s.AuthenticationManagerConfiguration : 

Using default security password: b8571121-8c39-4d46-9d9c-fc7c16c2a53f

2018-02-02 00:03:02.812  INFO 83054 --- [restartedMain] o.s.s.web.DefaultSecurityFilterChain     : Creating filter chain: OrRequestMatcher [requestMatchers=[Ant [pattern='/css/**'], Ant [pattern='/js/**'], Ant [pattern='/images/**'], Ant [pattern='/webjars/**'], Ant [pattern='/**/favicon.ico'], Ant [pattern='/error']]], []
2018-02-02 00:03:02.921  INFO 83054 --- [restartedMain] o.s.s.web.DefaultSecurityFilterChain     : Creating filter chain: OrRequestMatcher [requestMatchers=[Ant [pattern='/**']]], [org.springframework.security.web.context.request.async.WebAsyncManagerIntegrationFilter@708b556, org.springframework.security.web.context.SecurityContextPersistenceFilter@48ca44fc, org.springframework.security.web.header.HeaderWriterFilter@569c381e, org.springframework.security.web.authentication.logout.LogoutFilter@2470d6f0, org.springframework.security.web.authentication.www.BasicAuthenticationFilter@b89f946, org.springframework.security.web.savedrequest.RequestCacheAwareFilter@15966efc, org.springframework.security.web.servletapi.SecurityContextHolderAwareRequestFilter@7ed9d8cd, org.springframework.security.web.authentication.AnonymousAuthenticationFilter@7536b243, org.springframework.security.web.session.SessionManagementFilter@49b06a3c, org.springframework.security.web.access.ExceptionTranslationFilter@2f63cab0, org.springframework.security.web.access.intercept.FilterSecurityInterceptor@51c9fde]
2018-02-02 00:03:03.045  INFO 83054 --- [restartedMain] o.s.b.d.a.OptionalLiveReloadServer       : LiveReload server is running on port 35729
2018-02-02 00:03:03.100  INFO 83054 --- [restartedMain] o.s.j.e.a.AnnotationMBeanExporter        : Registering beans for JMX exposure on startup
2018-02-02 00:03:03.102  INFO 83054 --- [restartedMain] o.s.j.e.a.AnnotationMBeanExporter        : Bean with name 'dataSourceOracle' has been autodetected for JMX exposure
2018-02-02 00:03:03.109  INFO 83054 --- [restartedMain] o.s.j.e.a.AnnotationMBeanExporter        : Located MBean 'dataSourceOracle': registering with JMX server as MBean [com.zaxxer.hikari:name=dataSourceOracle,type=HikariDataSource]
2018-02-02 00:03:03.130  INFO 83054 --- [restartedMain] o.e.j.s.h.ContextHandler.application     : Initializing Spring FrameworkServlet 'dispatcherServlet'
2018-02-02 00:03:03.131  INFO 83054 --- [restartedMain] o.s.web.servlet.DispatcherServlet        : FrameworkServlet 'dispatcherServlet': initialization started
2018-02-02 00:03:03.142  INFO 83054 --- [restartedMain] o.s.web.servlet.DispatcherServlet        : FrameworkServlet 'dispatcherServlet': initialization completed in 11 ms
2018-02-02 00:03:03.202  INFO 83054 --- [restartedMain] o.e.jetty.server.AbstractConnector       : Started ServerConnector@7ee39545{HTTP/1.1,[http/1.1]}{0.0.0.0:9002}
2018-02-02 00:03:03.205  INFO 83054 --- [restartedMain] .s.b.c.e.j.JettyEmbeddedServletContainer : Jetty started on port(s) 9002 (http/1.1)
2018-02-02 00:03:03.213  INFO 83054 --- [restartedMain] com.spring.boot.CoffeineApplication      : Started CoffeineApplication in 6.478 seconds (JVM running for 7.221)
2018-02-02 00:07:39.254  INFO 83054 --- [Thread-30] ationConfigEmbeddedWebApplicationContext : Closing org.springframework.boot.context.embedded.AnnotationConfigEmbeddedWebApplicationContext@3c8f75fb: startup date [Fri Feb 02 00:02:57 ICT 2018]; root of context hierarchy
2018-02-02 00:07:39.259  INFO 83054 --- [Thread-30] o.s.j.e.a.AnnotationMBeanExporter        : Unregistering JMX-exposed beans on shutdown
2018-02-02 00:07:39.260  INFO 83054 --- [Thread-30] o.s.j.e.a.AnnotationMBeanExporter        : Unregistering JMX-exposed beans
2018-02-02 00:07:39.261  INFO 83054 --- [Thread-30] j.LocalContainerEntityManagerFactoryBean : Closing JPA EntityManagerFactory for persistence unit 'default'
2018-02-02 00:07:39.276  INFO 83054 --- [Thread-30] o.e.jetty.server.AbstractConnector       : Stopped ServerConnector@7ee39545{HTTP/1.1,[http/1.1]}{0.0.0.0:9002}
2018-02-02 00:07:39.276  INFO 83054 --- [Thread-30] org.eclipse.jetty.server.session         : Stopped scavenging
2018-02-02 00:07:39.278  INFO 83054 --- [Thread-30] o.e.j.s.h.ContextHandler.application     : Destroying Spring FrameworkServlet 'dispatcherServlet'
2018-02-02 00:07:39.278  INFO 83054 --- [Thread-30] o.e.jetty.server.handler.ContextHandler  : Stopped o.s.b.c.e.j.JettyEmbeddedWebAppContext@6298593c{/,[file:///private/var/folders/mv/cvlncrj97950gms0tlgjhc980000gn/T/jetty-docbase.8651431960027658013.9002/],UNAVAILABLE}
2018-02-02 00:07:41.515  INFO 83374 --- [restartedMain] com.spring.boot.CoffeineApplication      : Starting CoffeineApplication on Macintosh-5.local with PID 83374 (/Users/jinz/Desktop/workspace/momo/spring-boot-template/target/classes started by jinz in /Users/jinz/Desktop/workspace/momo/spring-boot-template)
2018-02-02 00:07:41.516  INFO 83374 --- [restartedMain] com.spring.boot.CoffeineApplication      : No active profile set, falling back to default profiles: default
2018-02-02 00:07:41.697  INFO 83374 --- [restartedMain] ationConfigEmbeddedWebApplicationContext : Refreshing org.springframework.boot.context.embedded.AnnotationConfigEmbeddedWebApplicationContext@fded86d: startup date [Fri Feb 02 00:07:41 ICT 2018]; root of context hierarchy
2018-02-02 00:07:43.063  INFO 83374 --- [restartedMain] org.eclipse.jetty.util.log               : Logging initialized @2670ms to org.eclipse.jetty.util.log.Slf4jLog
2018-02-02 00:07:43.179  INFO 83374 --- [restartedMain] e.j.JettyEmbeddedServletContainerFactory : Server initialized with port: 9002
2018-02-02 00:07:43.180  INFO 83374 --- [restartedMain] org.eclipse.jetty.server.Server          : jetty-9.4.7.v20170914
2018-02-02 00:07:43.252  INFO 83374 --- [restartedMain] org.eclipse.jetty.server.session         : DefaultSessionIdManager workerName=node0
2018-02-02 00:07:43.252  INFO 83374 --- [restartedMain] org.eclipse.jetty.server.session         : No SessionScavenger set, using defaults
2018-02-02 00:07:43.254  INFO 83374 --- [restartedMain] org.eclipse.jetty.server.session         : Scavenging every 600000ms
2018-02-02 00:07:43.259  INFO 83374 --- [restartedMain] o.e.j.s.h.ContextHandler.application     : Initializing Spring embedded WebApplicationContext
2018-02-02 00:07:43.259  INFO 83374 --- [restartedMain] o.s.web.context.ContextLoader            : Root WebApplicationContext: initialization completed in 1564 ms
2018-02-02 00:07:43.425  INFO 83374 --- [restartedMain] o.s.b.w.servlet.FilterRegistrationBean   : Mapping filter: 'characterEncodingFilter' to: [/*]
2018-02-02 00:07:43.426  INFO 83374 --- [restartedMain] o.s.b.w.servlet.FilterRegistrationBean   : Mapping filter: 'hiddenHttpMethodFilter' to: [/*]
2018-02-02 00:07:43.426  INFO 83374 --- [restartedMain] o.s.b.w.servlet.FilterRegistrationBean   : Mapping filter: 'httpPutFormContentFilter' to: [/*]
2018-02-02 00:07:43.426  INFO 83374 --- [restartedMain] o.s.b.w.servlet.FilterRegistrationBean   : Mapping filter: 'requestContextFilter' to: [/*]
2018-02-02 00:07:43.427  INFO 83374 --- [restartedMain] .s.DelegatingFilterProxyRegistrationBean : Mapping filter: 'springSecurityFilterChain' to: [/*]
2018-02-02 00:07:43.427  INFO 83374 --- [restartedMain] o.s.b.w.servlet.ServletRegistrationBean  : Mapping servlet: 'dispatcherServlet' to [/]
2018-02-02 00:07:43.431  INFO 83374 --- [restartedMain] o.e.jetty.server.handler.ContextHandler  : Started o.s.b.c.e.j.JettyEmbeddedWebAppContext@9328b87{/,[file:///private/var/folders/mv/cvlncrj97950gms0tlgjhc980000gn/T/jetty-docbase.1358534788035252362.9002/],AVAILABLE}
2018-02-02 00:07:43.433  INFO 83374 --- [restartedMain] org.eclipse.jetty.server.Server          : Started @3041ms
2018-02-02 00:07:43.537  INFO 83374 --- [restartedMain] j.LocalContainerEntityManagerFactoryBean : Building JPA container EntityManagerFactory for persistence unit 'default'
2018-02-02 00:07:43.547  INFO 83374 --- [restartedMain] o.hibernate.jpa.internal.util.LogHelper  : HHH000204: Processing PersistenceUnitInfo [
	name: default
	...]
2018-02-02 00:07:43.602  INFO 83374 --- [restartedMain] org.hibernate.Version                    : HHH000412: Hibernate Core {5.0.12.Final}
2018-02-02 00:07:43.603  INFO 83374 --- [restartedMain] org.hibernate.cfg.Environment            : HHH000206: hibernate.properties not found
2018-02-02 00:07:43.604  INFO 83374 --- [restartedMain] org.hibernate.cfg.Environment            : HHH000021: Bytecode provider name : javassist
2018-02-02 00:07:43.632  INFO 83374 --- [restartedMain] o.hibernate.annotations.common.Version   : HCANN000001: Hibernate Commons Annotations {5.0.1.Final}
2018-02-02 00:07:43.716  INFO 83374 --- [restartedMain] com.zaxxer.hikari.HikariDataSource       : HikariPool-1 - Starting...
2018-02-02 00:07:44.907 ERROR 83374 --- [restartedMain] com.zaxxer.hikari.pool.HikariPool        : HikariPool-1 - Exception during pool initialization.

java.sql.SQLException: Access denied for user 'root'@'localhost' (using password: YES)
	at com.mysql.jdbc.SQLError.createSQLException(SQLError.java:963) ~[mysql-connector-java-5.1.39.jar:5.1.39]
	at com.mysql.jdbc.MysqlIO.checkErrorPacket(MysqlIO.java:3966) ~[mysql-connector-java-5.1.39.jar:5.1.39]
	at com.mysql.jdbc.MysqlIO.checkErrorPacket(MysqlIO.java:3902) ~[mysql-connector-java-5.1.39.jar:5.1.39]
	at com.mysql.jdbc.MysqlIO.checkErrorPacket(MysqlIO.java:875) ~[mysql-connector-java-5.1.39.jar:5.1.39]
	at com.mysql.jdbc.MysqlIO.proceedHandshakeWithPluggableAuthentication(MysqlIO.java:1712) ~[mysql-connector-java-5.1.39.jar:5.1.39]
	at com.mysql.jdbc.MysqlIO.doHandshake(MysqlIO.java:1228) ~[mysql-connector-java-5.1.39.jar:5.1.39]
	at com.mysql.jdbc.ConnectionImpl.coreConnect(ConnectionImpl.java:2253) ~[mysql-connector-java-5.1.39.jar:5.1.39]
	at com.mysql.jdbc.ConnectionImpl.connectOneTryOnly(ConnectionImpl.java:2284) ~[mysql-connector-java-5.1.39.jar:5.1.39]
	at com.mysql.jdbc.ConnectionImpl.createNewIO(ConnectionImpl.java:2083) ~[mysql-connector-java-5.1.39.jar:5.1.39]
	at com.mysql.jdbc.ConnectionImpl.<init>(ConnectionImpl.java:806) ~[mysql-connector-java-5.1.39.jar:5.1.39]
	at com.mysql.jdbc.JDBC4Connection.<init>(JDBC4Connection.java:47) ~[mysql-connector-java-5.1.39.jar:5.1.39]
	at sun.reflect.NativeConstructorAccessorImpl.newInstance0(Native Method) ~[na:1.8.0_144]
	at sun.reflect.NativeConstructorAccessorImpl.newInstance(NativeConstructorAccessorImpl.java:62) ~[na:1.8.0_144]
	at sun.reflect.DelegatingConstructorAccessorImpl.newInstance(DelegatingConstructorAccessorImpl.java:45) ~[na:1.8.0_144]
	at java.lang.reflect.Constructor.newInstance(Constructor.java:423) ~[na:1.8.0_144]
	at com.mysql.jdbc.Util.handleNewInstance(Util.java:404) ~[mysql-connector-java-5.1.39.jar:5.1.39]
	at com.mysql.jdbc.ConnectionImpl.getInstance(ConnectionImpl.java:410) ~[mysql-connector-java-5.1.39.jar:5.1.39]
	at com.mysql.jdbc.NonRegisteringDriver.connect(NonRegisteringDriver.java:328) ~[mysql-connector-java-5.1.39.jar:5.1.39]
	at com.zaxxer.hikari.util.DriverDataSource.getConnection(DriverDataSource.java:95) ~[HikariCP-2.6.1.jar:na]
	at com.zaxxer.hikari.util.DriverDataSource.getConnection(DriverDataSource.java:101) ~[HikariCP-2.6.1.jar:na]
	at com.zaxxer.hikari.pool.PoolBase.newConnection(PoolBase.java:356) ~[HikariCP-2.6.1.jar:na]
	at com.zaxxer.hikari.pool.PoolBase.newPoolEntry(PoolBase.java:199) ~[HikariCP-2.6.1.jar:na]
	at com.zaxxer.hikari.pool.HikariPool.createPoolEntry(HikariPool.java:444) [HikariCP-2.6.1.jar:na]
	at com.zaxxer.hikari.pool.HikariPool.checkFailFast(HikariPool.java:515) [HikariCP-2.6.1.jar:na]
	at com.zaxxer.hikari.pool.HikariPool.<init>(HikariPool.java:112) [HikariCP-2.6.1.jar:na]
	at com.zaxxer.hikari.HikariDataSource.getConnection(HikariDataSource.java:97) [HikariCP-2.6.1.jar:na]
	at org.hibernate.engine.jdbc.connections.internal.DatasourceConnectionProviderImpl.getConnection(DatasourceConnectionProviderImpl.java:122) [hibernate-core-5.0.12.Final.jar:5.0.12.Final]
	at org.hibernate.engine.jdbc.env.internal.JdbcEnvironmentInitiator$ConnectionProviderJdbcConnectionAccess.obtainConnection(JdbcEnvironmentInitiator.java:180) [hibernate-core-5.0.12.Final.jar:5.0.12.Final]
	at org.hibernate.engine.jdbc.env.internal.JdbcEnvironmentInitiator.initiateService(JdbcEnvironmentInitiator.java:68) [hibernate-core-5.0.12.Final.jar:5.0.12.Final]
	at org.hibernate.engine.jdbc.env.internal.JdbcEnvironmentInitiator.initiateService(JdbcEnvironmentInitiator.java:35) [hibernate-core-5.0.12.Final.jar:5.0.12.Final]
	at org.hibernate.boot.registry.internal.StandardServiceRegistryImpl.initiateService(StandardServiceRegistryImpl.java:88) [hibernate-core-5.0.12.Final.jar:5.0.12.Final]
	at org.hibernate.service.internal.AbstractServiceRegistryImpl.createService(AbstractServiceRegistryImpl.java:254) [hibernate-core-5.0.12.Final.jar:5.0.12.Final]
	at org.hibernate.service.internal.AbstractServiceRegistryImpl.initializeService(AbstractServiceRegistryImpl.java:228) [hibernate-core-5.0.12.Final.jar:5.0.12.Final]
	at org.hibernate.service.internal.AbstractServiceRegistryImpl.getService(AbstractServiceRegistryImpl.java:207) [hibernate-core-5.0.12.Final.jar:5.0.12.Final]
	at org.hibernate.engine.jdbc.internal.JdbcServicesImpl.configure(JdbcServicesImpl.java:51) [hibernate-core-5.0.12.Final.jar:5.0.12.Final]
	at org.hibernate.boot.registry.internal.StandardServiceRegistryImpl.configureService(StandardServiceRegistryImpl.java:94) [hibernate-core-5.0.12.Final.jar:5.0.12.Final]
	at org.hibernate.service.internal.AbstractServiceRegistryImpl.initializeService(AbstractServiceRegistryImpl.java:237) [hibernate-core-5.0.12.Final.jar:5.0.12.Final]
	at org.hibernate.service.internal.AbstractServiceRegistryImpl.getService(AbstractServiceRegistryImpl.java:207) [hibernate-core-5.0.12.Final.jar:5.0.12.Final]
	at org.hibernate.boot.model.process.spi.MetadataBuildingProcess.handleTypes(MetadataBuildingProcess.java:352) [hibernate-core-5.0.12.Final.jar:5.0.12.Final]
	at org.hibernate.boot.model.process.spi.MetadataBuildingProcess.complete(MetadataBuildingProcess.java:111) [hibernate-core-5.0.12.Final.jar:5.0.12.Final]
	at org.hibernate.jpa.boot.internal.EntityManagerFactoryBuilderImpl.metadata(EntityManagerFactoryBuilderImpl.java:847) [hibernate-entitymanager-5.0.12.Final.jar:5.0.12.Final]
	at org.hibernate.jpa.boot.internal.EntityManagerFactoryBuilderImpl.build(EntityManagerFactoryBuilderImpl.java:874) [hibernate-entitymanager-5.0.12.Final.jar:5.0.12.Final]
	at org.springframework.orm.jpa.vendor.SpringHibernateJpaPersistenceProvider.createContainerEntityManagerFactory(SpringHibernateJpaPersistenceProvider.java:60) [spring-orm-4.3.13.RELEASE.jar:4.3.13.RELEASE]
	at org.springframework.orm.jpa.LocalContainerEntityManagerFactoryBean.createNativeEntityManagerFactory(LocalContainerEntityManagerFactoryBean.java:360) [spring-orm-4.3.13.RELEASE.jar:4.3.13.RELEASE]
	at org.springframework.orm.jpa.AbstractEntityManagerFactoryBean.buildNativeEntityManagerFactory(AbstractEntityManagerFactoryBean.java:382) [spring-orm-4.3.13.RELEASE.jar:4.3.13.RELEASE]
	at org.springframework.orm.jpa.AbstractEntityManagerFactoryBean.afterPropertiesSet(AbstractEntityManagerFactoryBean.java:371) [spring-orm-4.3.13.RELEASE.jar:4.3.13.RELEASE]
	at org.springframework.orm.jpa.LocalContainerEntityManagerFactoryBean.afterPropertiesSet(LocalContainerEntityManagerFactoryBean.java:336) [spring-orm-4.3.13.RELEASE.jar:4.3.13.RELEASE]
	at org.springframework.beans.factory.support.AbstractAutowireCapableBeanFactory.invokeInitMethods(AbstractAutowireCapableBeanFactory.java:1687) [spring-beans-4.3.13.RELEASE.jar:4.3.13.RELEASE]
	at org.springframework.beans.factory.support.AbstractAutowireCapableBeanFactory.initializeBean(AbstractAutowireCapableBeanFactory.java:1624) [spring-beans-4.3.13.RELEASE.jar:4.3.13.RELEASE]
	at org.springframework.beans.factory.support.AbstractAutowireCapableBeanFactory.doCreateBean(AbstractAutowireCapableBeanFactory.java:555) [spring-beans-4.3.13.RELEASE.jar:4.3.13.RELEASE]
	at org.springframework.beans.factory.support.AbstractAutowireCapableBeanFactory.createBean(AbstractAutowireCapableBeanFactory.java:483) [spring-beans-4.3.13.RELEASE.jar:4.3.13.RELEASE]
	at org.springframework.beans.factory.support.AbstractBeanFactory$1.getObject(AbstractBeanFactory.java:306) [spring-beans-4.3.13.RELEASE.jar:4.3.13.RELEASE]
	at org.springframework.beans.factory.support.DefaultSingletonBeanRegistry.getSingleton(DefaultSingletonBeanRegistry.java:230) [spring-beans-4.3.13.RELEASE.jar:4.3.13.RELEASE]
	at org.springframework.beans.factory.support.AbstractBeanFactory.doGetBean(AbstractBeanFactory.java:302) [spring-beans-4.3.13.RELEASE.jar:4.3.13.RELEASE]
	at org.springframework.beans.factory.support.AbstractBeanFactory.getBean(AbstractBeanFactory.java:197) [spring-beans-4.3.13.RELEASE.jar:4.3.13.RELEASE]
	at org.springframework.context.support.AbstractApplicationContext.getBean(AbstractApplicationContext.java:1080) [spring-context-4.3.13.RELEASE.jar:4.3.13.RELEASE]
	at org.springframework.context.support.AbstractApplicationContext.finishBeanFactoryInitialization(AbstractApplicationContext.java:857) [spring-context-4.3.13.RELEASE.jar:4.3.13.RELEASE]
	at org.springframework.context.support.AbstractApplicationContext.refresh(AbstractApplicationContext.java:543) [spring-context-4.3.13.RELEASE.jar:4.3.13.RELEASE]
	at org.springframework.boot.context.embedded.EmbeddedWebApplicationContext.refresh(EmbeddedWebApplicationContext.java:122) [spring-boot-1.5.9.RELEASE.jar:1.5.9.RELEASE]
	at org.springframework.boot.SpringApplication.refresh(SpringApplication.java:693) [spring-boot-1.5.9.RELEASE.jar:1.5.9.RELEASE]
	at org.springframework.boot.SpringApplication.refreshContext(SpringApplication.java:360) [spring-boot-1.5.9.RELEASE.jar:1.5.9.RELEASE]
	at org.springframework.boot.SpringApplication.run(SpringApplication.java:303) [spring-boot-1.5.9.RELEASE.jar:1.5.9.RELEASE]
	at org.springframework.boot.SpringApplication.run(SpringApplication.java:1118) [spring-boot-1.5.9.RELEASE.jar:1.5.9.RELEASE]
	at org.springframework.boot.SpringApplication.run(SpringApplication.java:1107) [spring-boot-1.5.9.RELEASE.jar:1.5.9.RELEASE]
	at com.spring.boot.CoffeineApplication.main(CoffeineApplication.java:10) [classes/:na]
	at sun.reflect.NativeMethodAccessorImpl.invoke0(Native Method) ~[na:1.8.0_144]
	at sun.reflect.NativeMethodAccessorImpl.invoke(NativeMethodAccessorImpl.java:62) ~[na:1.8.0_144]
	at sun.reflect.DelegatingMethodAccessorImpl.invoke(DelegatingMethodAccessorImpl.java:43) ~[na:1.8.0_144]
	at java.lang.reflect.Method.invoke(Method.java:498) ~[na:1.8.0_144]
	at org.springframework.boot.devtools.restart.RestartLauncher.run(RestartLauncher.java:49) [spring-boot-devtools-1.5.9.RELEASE.jar:1.5.9.RELEASE]

2018-02-02 00:07:44.909  WARN 83374 --- [restartedMain] o.h.e.j.e.i.JdbcEnvironmentInitiator     : HHH000342: Could not obtain connection to query metadata : Access denied for user 'root'@'localhost' (using password: YES)
2018-02-02 00:07:44.914  INFO 83374 --- [restartedMain] org.hibernate.dialect.Dialect            : HHH000400: Using dialect: org.hibernate.dialect.MySQLDialect
2018-02-02 00:07:44.926  INFO 83374 --- [restartedMain] o.h.e.j.e.i.LobCreatorBuilderImpl        : HHH000422: Disabling contextual LOB creation as connection was null
2018-02-02 00:07:45.296  INFO 83374 --- [restartedMain] j.LocalContainerEntityManagerFactoryBean : Initialized JPA EntityManagerFactory for persistence unit 'default'
2018-02-02 00:07:45.725  INFO 83374 --- [restartedMain] s.w.s.m.m.a.RequestMappingHandlerAdapter : Looking for @ControllerAdvice: org.springframework.boot.context.embedded.AnnotationConfigEmbeddedWebApplicationContext@fded86d: startup date [Fri Feb 02 00:07:41 ICT 2018]; root of context hierarchy
2018-02-02 00:07:45.782  INFO 83374 --- [restartedMain] s.w.s.m.m.a.RequestMappingHandlerMapping : Mapped "{[/403],methods=[GET]}" onto public java.lang.String com.spring.boot.coffeine.controller.ExceptionController.getPageForbidding(org.springframework.ui.Model)
2018-02-02 00:07:45.783  INFO 83374 --- [restartedMain] s.w.s.m.m.a.RequestMappingHandlerMapping : Mapped "{[/404],methods=[GET]}" onto public java.lang.String com.spring.boot.coffeine.controller.ExceptionController.getPageNotFound(org.springframework.ui.Model)
2018-02-02 00:07:45.783  INFO 83374 --- [restartedMain] s.w.s.m.m.a.RequestMappingHandlerMapping : Mapped "{[/500],methods=[GET]}" onto public java.lang.String com.spring.boot.coffeine.controller.ExceptionController.getPageSystemError(org.springframework.ui.Model)
2018-02-02 00:07:45.783  INFO 83374 --- [restartedMain] s.w.s.m.m.a.RequestMappingHandlerMapping : Mapped "{[/detail],methods=[GET]}" onto public java.lang.String com.spring.boot.coffeine.controller.ExceptionController.getPageError(org.springframework.ui.Model)
2018-02-02 00:07:45.784  INFO 83374 --- [restartedMain] s.w.s.m.m.a.RequestMappingHandlerMapping : Mapped "{[/error],methods=[GET]}" onto public java.lang.String com.spring.boot.coffeine.controller.ExceptionController.renderErrorPage(org.springframework.ui.Model,javax.servlet.http.HttpServletRequest)
2018-02-02 00:07:45.784  INFO 83374 --- [restartedMain] s.w.s.m.m.a.RequestMappingHandlerMapping : Mapped "{[],methods=[GET]}" onto public java.lang.String com.spring.boot.coffeine.controller.HomeController.home(org.springframework.ui.Model)
2018-02-02 00:07:45.815  INFO 83374 --- [restartedMain] o.s.w.s.handler.SimpleUrlHandlerMapping  : Mapped URL path [/webjars/**] onto handler of type [class org.springframework.web.servlet.resource.ResourceHttpRequestHandler]
2018-02-02 00:07:45.816  INFO 83374 --- [restartedMain] o.s.w.s.handler.SimpleUrlHandlerMapping  : Mapped URL path [/**] onto handler of type [class org.springframework.web.servlet.resource.ResourceHttpRequestHandler]
2018-02-02 00:07:45.849  INFO 83374 --- [restartedMain] o.s.w.s.handler.SimpleUrlHandlerMapping  : Mapped URL path [/**/favicon.ico] onto handler of type [class org.springframework.web.servlet.resource.ResourceHttpRequestHandler]
2018-02-02 00:07:46.457  INFO 83374 --- [restartedMain] b.a.s.AuthenticationManagerConfiguration : 

Using default security password: 5838c34e-e578-4fda-ae7c-4761b474aac5

2018-02-02 00:07:46.498  INFO 83374 --- [restartedMain] o.s.s.web.DefaultSecurityFilterChain     : Creating filter chain: OrRequestMatcher [requestMatchers=[Ant [pattern='/css/**'], Ant [pattern='/js/**'], Ant [pattern='/images/**'], Ant [pattern='/webjars/**'], Ant [pattern='/**/favicon.ico'], Ant [pattern='/error']]], []
2018-02-02 00:07:46.577  INFO 83374 --- [restartedMain] o.s.s.web.DefaultSecurityFilterChain     : Creating filter chain: OrRequestMatcher [requestMatchers=[Ant [pattern='/**']]], [org.springframework.security.web.context.request.async.WebAsyncManagerIntegrationFilter@71ab497e, org.springframework.security.web.context.SecurityContextPersistenceFilter@d74207b, org.springframework.security.web.header.HeaderWriterFilter@5aa0bede, org.springframework.security.web.authentication.logout.LogoutFilter@4200f930, org.springframework.security.web.authentication.www.BasicAuthenticationFilter@7f79b34b, org.springframework.security.web.savedrequest.RequestCacheAwareFilter@1e2935c6, org.springframework.security.web.servletapi.SecurityContextHolderAwareRequestFilter@1fe94eec, org.springframework.security.web.authentication.AnonymousAuthenticationFilter@30fca8fc, org.springframework.security.web.session.SessionManagementFilter@3be62fec, org.springframework.security.web.access.ExceptionTranslationFilter@43db8d98, org.springframework.security.web.access.intercept.FilterSecurityInterceptor@cfb46e8]
2018-02-02 00:07:46.718  INFO 83374 --- [restartedMain] o.s.b.d.a.OptionalLiveReloadServer       : LiveReload server is running on port 35729
2018-02-02 00:07:46.783  INFO 83374 --- [restartedMain] o.s.j.e.a.AnnotationMBeanExporter        : Registering beans for JMX exposure on startup
2018-02-02 00:07:46.784  INFO 83374 --- [restartedMain] o.s.j.e.a.AnnotationMBeanExporter        : Bean with name 'dataSourceOracle' has been autodetected for JMX exposure
2018-02-02 00:07:46.792  INFO 83374 --- [restartedMain] o.s.j.e.a.AnnotationMBeanExporter        : Located MBean 'dataSourceOracle': registering with JMX server as MBean [com.zaxxer.hikari:name=dataSourceOracle,type=HikariDataSource]
2018-02-02 00:07:46.823  INFO 83374 --- [restartedMain] o.e.j.s.h.ContextHandler.application     : Initializing Spring FrameworkServlet 'dispatcherServlet'
2018-02-02 00:07:46.823  INFO 83374 --- [restartedMain] o.s.web.servlet.DispatcherServlet        : FrameworkServlet 'dispatcherServlet': initialization started
2018-02-02 00:07:46.836  INFO 83374 --- [restartedMain] o.s.web.servlet.DispatcherServlet        : FrameworkServlet 'dispatcherServlet': initialization completed in 13 ms
2018-02-02 00:07:46.888  INFO 83374 --- [restartedMain] o.e.jetty.server.AbstractConnector       : Started ServerConnector@25b9d01a{HTTP/1.1,[http/1.1]}{0.0.0.0:9002}
2018-02-02 00:07:46.891  INFO 83374 --- [restartedMain] .s.b.c.e.j.JettyEmbeddedServletContainer : Jetty started on port(s) 9002 (http/1.1)
2018-02-02 00:07:46.895  INFO 83374 --- [restartedMain] com.spring.boot.CoffeineApplication      : Started CoffeineApplication in 5.622 seconds (JVM running for 6.503)
